0 info it worked if it ends with ok
1 verbose cli [ '/usr/local/Cellar/node/6.7.0/bin/node',
1 verbose cli   '/usr/local/bin/npm',
1 verbose cli   'start' ]
2 info using npm@3.10.7
3 info using node@v6.7.0
4 verbose run-script [ 'prestart', 'start', 'poststart' ]
5 info lifecycle node-api@~prestart: node-api@
6 silly lifecycle node-api@~prestart: no script for prestart, continuing
7 info lifecycle node-api@~start: node-api@
8 verbose lifecycle node-api@~start: unsafe-perm in lifecycle true
9 verbose lifecycle node-api@~start: PATH: /usr/local/lib/node_modules/npm/bin/node-gyp-bin:/Users/robertzehnder/challenges/bears/node_modules/.bin:/usr/local/Cellar/node/6.7.0/bin:/Users/robertzehnder/.rvm/gems/ruby-2.3.1/bin:/Users/robertzehnder/.rvm/gems/ruby-2.3.1@global/bin:/Users/robertzehnder/.rvm/rubies/ruby-2.3.1/bin:/usr/local/bin:/usr/local/bin:/usr/local/bin:/usr/bin:/bin:/usr/sbin:/sbin:/Applications/Postgres.app/Contents/Versions/latest/bin:/Users/robertzehnder/.rvm/bin
10 verbose lifecycle node-api@~start: CWD: /Users/robertzehnder/challenges/bears
11 silly lifecycle node-api@~start: Args: [ '-c', 'node server.js' ]
12 silly lifecycle node-api@~start: Returned: code: 1  signal: null
13 info lifecycle node-api@~start: Failed to exec start script
14 verbose stack Error: node-api@ start: `node server.js`
14 verbose stack Exit status 1
14 verbose stack     at EventEmitter.<anonymous> (/usr/local/lib/node_modules/npm/lib/utils/lifecycle.js:255:16)
14 verbose stack     at emitTwo (events.js:106:13)
14 verbose stack     at EventEmitter.emit (events.js:191:7)
14 verbose stack     at ChildProcess.<anonymous> (/usr/local/lib/node_modules/npm/lib/utils/spawn.js:40:14)
14 verbose stack     at emitTwo (events.js:106:13)
14 verbose stack     at ChildProcess.emit (events.js:191:7)
14 verbose stack     at maybeClose (internal/child_process.js:877:16)
14 verbose stack     at Process.ChildProcess._handle.onexit (internal/child_process.js:226:5)
15 verbose pkgid node-api@
16 verbose cwd /Users/robertzehnder/challenges/bears
17 error Darwin 16.1.0
18 error argv "/usr/local/Cellar/node/6.7.0/bin/node" "/usr/local/bin/npm" "start"
19 error node v6.7.0
20 error npm  v3.10.7
21 error code ELIFECYCLE
22 error node-api@ start: `node server.js`
22 error Exit status 1
23 error Failed at the node-api@ start script 'node server.js'.
23 error Make sure you have the latest version of node.js and npm installed.
23 error If you do, this is most likely a problem with the node-api package,
23 error not with npm itself.
23 error Tell the author that this fails on your system:
23 error     node server.js
23 error You can get information on how to open an issue for this project with:
23 error     npm bugs node-api
23 error Or if that isn't available, you can get their info via:
23 error     npm owner ls node-api
23 error There is likely additional logging output above.
24 verbose exit [ 1, true ]
